<?xml version="1.0" encoding="UTF-8"?>
<!-- Generated by org.testng.reporters.JUnitReportReporter -->
<testsuite hostname="DESKTOP-S3JI6TJ" failures="0" tests="1" name="com.b2c.asianpaints.testCases.TC_Navigation_Wall_Stickers_PLP_001" time="17.168" errors="0" timestamp="2021-12-10T21:58:25 IST" skipped="0">
  <testcase classname="com.b2c.asianpaints.testCases.TC_Navigation_Wall_Stickers_PLP_001" name="NavigationWallStickers" time="17.168"/>
  <system-out/>
</testsuite> <!-- com.b2c.asianpaints.testCases.TC_Navigation_Wall_Stickers_PLP_001 -->
