<?xml version="1.0" encoding="UTF-8"?>
<!-- Generated by org.testng.reporters.JUnitReportReporter -->
<testsuite hostname="DESKTOP-S3JI6TJ" failures="0" tests="6" name="com.b2c.asianpaints.testCases.Wall_Stickers" time="65.677" errors="0" timestamp="2022-01-17T10:45:35 IST" skipped="0">
  <testcase classname="com.b2c.asianpaints.testCases.Wall_Stickers" name="NavigationWallStickers" time="13.714"/>
  <system-out/>
  <testcase classname="com.b2c.asianpaints.testCases.Wall_Stickers" name="AddToCart_PLP_ValidInputs" time="9.395"/>
  <system-out/>
  <testcase classname="com.b2c.asianpaints.testCases.Wall_Stickers" name="AddToCart_PLP_InValidInputs" time="22.187"/>
  <system-out/>
  <testcase classname="com.b2c.asianpaints.testCases.Wall_Stickers" name="InvalidPincodeCheckAvailbilityPDPPage" time="9.922"/>
  <system-out/>
  <testcase classname="com.b2c.asianpaints.testCases.Wall_Stickers" name="ValidPincodePDPPage" time="7.317"/>
  <system-out/>
  <testcase classname="com.b2c.asianpaints.testCases.Wall_Stickers" name="AddToCartPDPPage" time="3.142"/>
  <system-out/>
</testsuite> <!-- com.b2c.asianpaints.testCases.Wall_Stickers -->
